[    0.000000] Linux version 4.15.0-76-generic (buildd@lcy01-amd64-029) (gcc version 7.4.0 (Ubuntu 7.4.0-1ubuntu1~18.04.1)) #86-Ubuntu SMP Fri Jan 17 17:24:28 UTC 2020 (Ubuntu 4.15.0-76.86-generic 4.15.18)
[    0.000000] Command line: BOOT_IMAGE=/boot/vmlinuz-4.15.0-76-generic root=LABEL=cloudimg-rootfs ro console=tty1 console=ttyS0
[    0.000000] KERNEL supported cpus:
[    0.000000]   Intel GenuineIntel
[    0.000000]   AMD AuthenticAMD
[    0.000000]   Centaur CentaurHauls
[    0.000000] x86/fpu: Supporting XSAVE feature 0x001: 'x87 floating point registers'
[    0.000000] x86/fpu: Supporting XSAVE feature 0x002: 'SSE registers'
[    0.000000] x86/fpu: Supporting XSAVE feature 0x004: 'AVX registers'
[    0.000000] x86/fpu: xstate_offset[2]:  576, xstate_sizes[2]:  256
[    0.000000] x86/fpu: Enabled xstate features 0x7, context size is 832 bytes, using 'standard' format.
[    0.000000] e820: BIOS-provided physical RAM map:
[    0.000000] BIOS-e820: [mem 0x0000000000000000-0x000000000009fbff] usable
[    0.000000] BIOS-e820: [mem 0x000000000009fc00-0x000000000009ffff] reserved
[    0.000000] BIOS-e820: [mem 0x00000000000f0000-0x00000000000fffff] reserved
[    0.000000] BIOS-e820: [mem 0x0000000000100000-0x000000003ffeffff] usable
[    0.000000] BIOS-e820: [mem 0x000000003fff0000-0x000000003fffffff] ACPI data
[    0.000000] BIOS-e820: [mem 0x00000000fec00000-0x00000000fec00fff] reserved
[    0.000000] BIOS-e820: [mem 0x00000000fee00000-0x00000000fee00fff] reserved
[    0.000000] BIOS-e820: [mem 0x00000000fffc0000-0x00000000ffffffff] reserved
[    0.000000] NX (Execute Disable) protection: active
[    0.000000] SMBIOS 2.5 present.
[    0.000000] DMI: innotek GmbH VirtualBox/VirtualBox, BIOS VirtualBox 12/01/2006
[    0.000000] Hypervisor detected: KVM
[    0.000000] e820: last_pfn = 0x3fff0 max_arch_pfn = 0x400000000
[    0.000000] MTRR: Disabled
[    0.000000] x86/PAT: MTRRs disabled, skipping PAT initialization too.
[    0.000000] CPU MTRRs all blank - virtualized system.
[    0.000000] x86/PAT: Configuration [0-7]: WB  WT  UC- UC  WB  WT  UC- UC  
[    0.000000] found SMP MP-table at [mem 0x0009fff0-0x0009ffff]
[    0.000000] Scanning 1 areas for low memory corruption
[    0.000000] RAMDISK: [mem 0x35a6f000-0x36d2efff]
[    0.000000] ACPI: Early table checksum verification disabled
[    0.000000] ACPI: RSDP 0x00000000000E0000 000024 (v02 VBOX  )
[    0.000000] ACPI: XSDT 0x000000003FFF0030 00003C (v01 VBOX   VBOXXSDT 00000001 ASL  00000061)
[    0.000000] ACPI: FACP 0x000000003FFF00F0 0000F4 (v04 VBOX   VBOXFACP 00000001 ASL  00000061)
[    0.000000] ACPI: DSDT 0x000000003FFF0470 002325 (v02 VBOX   VBOXBIOS 00000002 INTL 20100528)
[    0.000000] ACPI: FACS 0x000000003FFF0200 000040
[    0.000000] ACPI: FACS 0x000000003FFF0200 000040
[    0.000000] ACPI: APIC 0x000000003FFF0240 00005C (v02 VBOX   VBOXAPIC 00000001 ASL  00000061)
[    0.000000] ACPI: SSDT 0x000000003FFF02A0 0001CC (v01 VBOX   VBOXCPUT 00000002 INTL 20100528)
[    0.000000] No NUMA configuration found
[    0.000000] Faking a node at [mem 0x0000000000000000-0x000000003ffeffff]
[    0.000000] NODE_DATA(0) allocated [mem 0x3ffc5000-0x3ffeffff]
[    0.000000] kvm-clock: cpu 0, msr 0:3ff44001, primary cpu clock
[    0.000000] kvm-clock: Using msrs 4b564d01 and 4b564d00
[    0.000000] kvm-clock: using sched offset of 7391915580 cycles
[    0.000000] clocksource: kvm-clock: mask: 0xffffffffffffffff max_cycles: 0x1cd42e4dffb, max_idle_ns: 881590591483 ns
[    0.000000] Zone ranges:
[    0.000000]   DMA      [mem 0x0000000000001000-0x0000000000ffffff]
[    0.000000]   DMA32    [mem 0x0000000001000000-0x000000003ffeffff]
[    0.000000]   Normal   empty
[    0.000000]   Device   empty
[    0.000000] Movable zone start for each node
[    0.000000] Early memory node ranges
[    0.000000]   node   0: [mem 0x0000000000001000-0x000000000009efff]
[    0.000000]   node   0: [mem 0x0000000000100000-0x000000003ffeffff]
[    0.000000] Reserved but unavailable: 98 pages
[    0.000000] Initmem setup node 0 [mem 0x0000000000001000-0x000000003ffeffff]
[    0.000000] ACPI: PM-Timer IO Port: 0x4008
[    0.000000] IOAPIC[0]: apic_id 2, version 32, address 0xfec00000, GSI 0-23
[    0.000000] ACPI: INT_SRC_OVR (bus 0 bus_irq 0 global_irq 2 dfl dfl)
[    0.000000] ACPI: INT_SRC_OVR (bus 0 bus_irq 9 global_irq 9 low level)
[    0.000000] Using ACPI (MADT) for SMP configuration information
[    0.000000] smpboot: Allowing 2 CPUs, 0 hotplug CPUs
[    0.000000] PM: Registered nosave memory: [mem 0x00000000-0x00000fff]
[    0.000000] PM: Registered nosave memory: [mem 0x0009f000-0x0009ffff]
[    0.000000] PM: Registered nosave memory: [mem 0x000a0000-0x000effff]
[    0.000000] PM: Registered nosave memory: [mem 0x000f0000-0x000fffff]
[    0.000000] e820: [mem 0x40000000-0xfebfffff] available for PCI devices
[    0.000000] Booting paravirtualized kernel on KVM
[    0.000000] clocksource: refined-jiffies: mask: 0xffffffff max_cycles: 0xffffffff, max_idle_ns: 7645519600211568 ns
[    0.000000] random: get_random_bytes called from start_kernel+0x99/0x4fd with crng_init=0
[    0.000000] setup_percpu: NR_CPUS:8192 nr_cpumask_bits:2 nr_cpu_ids:2 nr_node_ids:1
[    0.000000] percpu: Embedded 45 pages/cpu s147456 r8192 d28672 u1048576
[    0.000000] PV qspinlock hash table entries: 256 (order: 0, 4096 bytes)
[    0.000000] Built 1 zonelists, mobility grouping on.  Total pages: 257913
[    0.000000] Policy zone: DMA32
[    0.000000] Kernel command line: BOOT_IMAGE=/boot/vmlinuz-4.15.0-76-generic root=LABEL=cloudimg-rootfs ro console=tty1 console=ttyS0
[    0.000000] Memory: 983080K/1048120K available (12300K kernel code, 2481K rwdata, 4260K rodata, 2428K init, 2704K bss, 65040K reserved, 0K cma-reserved)
[    0.000000] SLUB: HWalign=64, Order=0-3, MinObjects=0, CPUs=2, Nodes=1
[    0.000000] Kernel/User page tables isolation: enabled
[    0.000000] ftrace: allocating 39322 entries in 154 pages
[    0.004000] Hierarchical RCU implementation.
[    0.004000] 	RCU restricting CPUs from NR_CPUS=8192 to nr_cpu_ids=2.
[    0.004000] 	Tasks RCU enabled.
[    0.004000] RCU: Adjusting geometry for rcu_fanout_leaf=16, nr_cpu_ids=2
[    0.004000] NR_IRQS: 524544, nr_irqs: 440, preallocated irqs: 16
[    0.004000] Console: colour VGA+ 80x25
[    0.004000] console [tty1] enabled
[    0.004000] console [ttyS0] enabled
[    0.004000] ACPI: Core revision 20170831
[    0.004000] ACPI: 2 ACPI AML tables successfully acquired and loaded
[    0.004000] APIC: Switch to symmetric I/O mode setup
[    0.004000] x2apic enabled
[    0.004000] Switched APIC routing to physical x2apic.
[    0.004000] ..TIMER: vector=0x30 apic1=0 pin1=2 apic2=-1 pin2=-1
[    0.004004] tsc: Detected 1599.999 MHz processor
[    0.005171] Calibrating delay loop (skipped) preset value.. 3199.99 BogoMIPS (lpj=6399996)
[    0.008005] pid_max: default: 32768 minimum: 301
[    0.009203] Security Framework initialized
[    0.012002] Yama: becoming mindful.
[    0.012953] AppArmor: AppArmor initialized
[    0.015873] Dentry cache hash table entries: 131072 (order: 8, 1048576 bytes)
[    0.016076] Inode-cache hash table entries: 65536 (order: 7, 524288 bytes)
[    0.018030] Mount-cache hash table entries: 2048 (order: 2, 16384 bytes)
[    0.020007] Mountpoint-cache hash table entries: 2048 (order: 2, 16384 bytes)
[    0.022042] Last level iTLB entries: 4KB 64, 2MB 8, 4MB 8
[    0.024004] Last level dTLB entries: 4KB 64, 2MB 0, 4MB 0, 1GB 4
[    0.025489] Spectre V1 : Mitigation: usercopy/swapgs barriers and __user pointer sanitization
[    0.028004] Spectre V2 : Mitigation: Full generic retpoline
[    0.029492] Spectre V2 : Spectre v2 / SpectreRSB mitigation: Filling RSB on context switch
[    0.032004] Speculative Store Bypass: Vulnerable
[    0.033460] MDS: Mitigation: Clear CPU buffers
[    0.035061] Freeing SMP alternatives memory: 36K
[    0.148119] smpboot: CPU0: Intel(R) Core(TM) i5-5250U CPU @ 1.60GHz (family: 0x6, model: 0x3d, stepping: 0x4)
[    0.150779] Performance Events: unsupported p6 CPU model 61 no PMU driver, software events only.
[    0.152052] Hierarchical SRCU implementation.
[    0.154152] NMI watchdog: Perf event create on CPU 0 failed with -2
[    0.156003] NMI watchdog: Perf NMI watchdog permanently disabled
[    0.157657] smp: Bringing up secondary CPUs ...
[    0.158927] x86: Booting SMP configuration:
[    0.160003] .... node  #0, CPUs:      #1
[    0.004000] kvm-clock: cpu 1, msr 0:3ff44041, secondary cpu clock
[    0.164034] smp: Brought up 1 node, 2 CPUs
[    0.165202] smpboot: Max logical packages: 1
[    0.168007] smpboot: Total of 2 processors activated (6399.99 BogoMIPS)
[    0.169969] devtmpfs: initialized
[    0.172060] x86/mm: Memory block size: 128MB
[    0.173367] evm: security.selinux
[    0.174394] evm: security.SMACK64
[    0.175434] evm: security.SMACK64EXEC
[    0.176007] evm: security.SMACK64TRANSMUTE
[    0.177147] evm: security.SMACK64MMAP
[    0.178194] evm: security.apparmor
[    0.180004] evm: security.ima
[    0.180825] evm: security.capability
[    0.182068] clocksource: jiffies: mask: 0xffffffff max_cycles: 0xffffffff, max_idle_ns: 7645041785100000 ns
[    0.184016] futex hash table entries: 512 (order: 3, 32768 bytes)
[    0.187338] pinctrl core: initialized pinctrl subsystem
[    0.189447] RTC time: 19:38:19, date: 02/29/20
[    0.190858] NET: Registered protocol family 16
[    0.192088] audit: initializing netlink subsys (disabled)
[    0.193479] audit: type=2000 audit(1583005109.009:1): state=initialized audit_enabled=0 res=1
[    0.196035] cpuidle: using governor ladder
[    0.197221] cpuidle: using governor menu
[    0.198339] ACPI: bus type PCI registered
[    0.200005] acpiphp: ACPI Hot Plug PCI Controller Driver version: 0.5
[    0.201909] PCI: Using configuration type 1 for base access
[    0.204912] HugeTLB registered 2.00 MiB page size, pre-allocated 0 pages
[    0.205841] ACPI: Added _OSI(Module Device)
[    0.208010] ACPI: Added _OSI(Processor Device)
[    0.209167] ACPI: Added _OSI(3.0 _SCP Extensions)
[    0.210730] ACPI: Added _OSI(Processor Aggregator Device)
[    0.212004] ACPI: Added _OSI(Linux-Dell-Video)
[    0.213285] ACPI: Added _OSI(Linux-Lenovo-NV-HDMI-Audio)
[    0.214874] ACPI: Added _OSI(Linux-HPI-Hybrid-Graphics)
[    0.216462] ACPI: Executed 1 blocks of module-level executable AML code
[    0.223134] ACPI: Interpreter enabled
[    0.224000] ACPI: (supports S0 S5)
[    0.224005] ACPI: Using IOAPIC for interrupt routing
[    0.225586] PCI: Using host bridge windows from ACPI; if necessary, use "pci=nocrs" and report a bug
[    0.228235] ACPI: Enabled 2 GPEs in block 00 to 07
[    0.239352] ACPI: PCI Root Bridge [PCI0] (domain 0000 [bus 00-ff])
[    0.240009] acpi PNP0A03:00: _OSC: OS supports [ASPM ClockPM Segments MSI]
[    0.242420] acpi PNP0A03:00: _OSC: not requesting OS control; OS requires [ExtendedConfig ASPM ClockPM MSI]
[    0.244014] acpi PNP0A03:00: fail to add MMCONFIG information, can't access extended PCI configuration space under this bridge.
[    0.248635] PCI host bridge to bus 0000:00
[    0.250021] pci_bus 0000:00: root bus resource [io  0x0000-0x0cf7 window]
[    0.252005] pci_bus 0000:00: root bus resource [io  0x0d00-0xffff window]
[    0.253729] pci_bus 0000:00: root bus resource [mem 0x000a0000-0x000bffff window]
[    0.256004] pci_bus 0000:00: root bus resource [mem 0x40000000-0xfdffffff window]
[    0.257993] pci_bus 0000:00: root bus resource [bus 00-ff]
[    0.264435] pci 0000:00:01.1: legacy IDE quirk: reg 0x10: [io  0x01f0-0x01f7]
[    0.266520] pci 0000:00:01.1: legacy IDE quirk: reg 0x14: [io  0x03f6]
[    0.268005] pci 0000:00:01.1: legacy IDE quirk: reg 0x18: [io  0x0170-0x0177]
[    0.269736] pci 0000:00:01.1: legacy IDE quirk: reg 0x1c: [io  0x0376]
[    0.295563] pci 0000:00:07.0: quirk: [io  0x4000-0x403f] claimed by PIIX4 ACPI
[    0.296028] pci 0000:00:07.0: quirk: [io  0x4100-0x410f] claimed by PIIX4 SMB
[    0.309277] ACPI: PCI Interrupt Link [LNKA] (IRQs 5 9 10 *11)
[    0.311241] ACPI: PCI Interrupt Link [LNKB] (IRQs 5 9 *10 11)
[    0.312182] ACPI: PCI Interrupt Link [LNKC] (IRQs 5 *9 10 11)
[    0.313874] ACPI: PCI Interrupt Link [LNKD] (IRQs 5 9 10 *11)
[    0.316454] SCSI subsystem initialized
[    0.317577] pci 0000:00:02.0: vgaarb: setting as boot VGA device
[    0.317869] pci 0000:00:02.0: vgaarb: VGA device added: decodes=io+mem,owns=io+mem,locks=none
[    0.320025] pci 0000:00:02.0: vgaarb: bridge control possible
[    0.321423] vgaarb: loaded
[    0.324053] ACPI: bus type USB registered
[    0.325198] usbcore: registered new interface driver usbfs
[    0.326700] usbcore: registered new interface driver hub
[    0.328033] usbcore: registered new device driver usb
[    0.329344] EDAC MC: Ver: 3.0.0
[    0.329344] PCI: Using ACPI for IRQ routing
[    0.332413] NetLabel: Initializing
[    0.333507] NetLabel:  domain hash size = 128
[    0.334846] NetLabel:  protocols = UNLABELED CIPSOv4 CALIPSO
[    0.336021] NetLabel:  unlabeled traffic allowed by default
[    0.337423] clocksource: Switched to clocksource kvm-clock
[    0.353052] VFS: Disk quotas dquot_6.6.0
[    0.354280] VFS: Dquot-cache hash table entries: 512 (order 0, 4096 bytes)
[    0.356239] AppArmor: AppArmor Filesystem Enabled
[    0.357443] pnp: PnP ACPI init
[    0.360041] pnp: PnP ACPI: found 3 devices
[    0.372662] clocksource: acpi_pm: mask: 0xffffff max_cycles: 0xffffff, max_idle_ns: 2085701024 ns
[    0.375125] NET: Registered protocol family 2
[    0.376649] TCP established hash table entries: 8192 (order: 4, 65536 bytes)
[    0.378633] TCP bind hash table entries: 8192 (order: 5, 131072 bytes)
[    0.382188] TCP: Hash tables configured (established 8192 bind 8192)
[    0.383912] UDP hash table entries: 512 (order: 2, 16384 bytes)
[    0.385788] UDP-Lite hash table entries: 512 (order: 2, 16384 bytes)
[    0.387767] NET: Registered protocol family 1
[    0.389135] pci 0000:00:00.0: Limiting direct PCI/PCI transfers
[    0.391076] pci 0000:00:01.0: Activating ISA DMA hang workarounds
[    0.392683] pci 0000:00:02.0: Video device with shadowed ROM at [mem 0x000c0000-0x000dffff]
[    0.394872] Unpacking initramfs...
[    0.788448] Freeing initrd memory: 19200K
[    0.789728] clocksource: tsc: mask: 0xffffffffffffffff max_cycles: 0x171023f09ff, max_idle_ns: 440795233615 ns
[    0.792657] platform rtc_cmos: registered platform RTC device (no PNP device found)
[    0.795574] Scanning for low memory corruption every 60 seconds
[    0.798380] Initialise system trusted keyrings
[    0.799805] Key type blacklist registered
[    0.801354] workingset: timestamp_bits=36 max_order=18 bucket_order=0
[    0.804733] zbud: loaded
[    0.806117] squashfs: version 4.0 (2009/01/31) Phillip Lougher
[    0.808695] fuse init (API version 7.26)
[    0.814121] Key type asymmetric registered
[    0.815270] Asymmetric key parser 'x509' registered
[    0.817420] Block layer SCSI generic (bsg) driver version 0.4 loaded (major 246)
[    0.819649] io scheduler noop registered
[    0.820899] io scheduler deadline registered
[    0.822286] io scheduler cfq registered (default)
[    0.825243] ACPI: AC Adapter [AC] (off-line)
[    0.826641] input: Power Button as /devices/LNXSYSTM:00/LNXPWRBN:00/input/input0
[    0.829097] ACPI: Power Button [PWRF]
[    0.830154] input: Sleep Button as /devices/LNXSYSTM:00/LNXSLPBN:00/input/input1
[    0.832974] ACPI: Sleep Button [SLPF]
[    0.835842] ACPI: Battery Slot [BAT0] (battery present)
[    0.836232] Serial: 8250/16550 driver, 32 ports, IRQ sharing enabled
[    0.861679] 00:02: ttyS0 at I/O 0x3f8 (irq = 4, base_baud = 115200) is a 16550A
[    0.866679] Linux agpgart interface v0.103
[    0.869686] loop: module loaded
[    0.871721] scsi host0: ata_piix
[    0.873526] scsi host1: ata_piix
[    0.874512] ata1: PATA max UDMA/33 cmd 0x1f0 ctl 0x3f6 bmdma 0xd000 irq 14
[    0.876190] ata2: PATA max UDMA/33 cmd 0x170 ctl 0x376 bmdma 0xd008 irq 15
[    0.878096] libphy: Fixed MDIO Bus: probed
[    0.879528] tun: Universal TUN/TAP device driver, 1.6
[    0.881792] PPP generic driver version 2.4.2
[    0.883232] ehci_hcd: USB 2.0 'Enhanced' Host Controller (EHCI) Driver
[    0.885048] ehci-pci: EHCI PCI platform driver
[    0.886343] ehci-platform: EHCI generic platform driver
[    0.888405] ohci_hcd: USB 1.1 'Open' Host Controller (OHCI) Driver
[    0.890298] ohci-pci: OHCI PCI platform driver
[    0.891590] ohci-platform: OHCI generic platform driver
[    0.893491] uhci_hcd: USB Universal Host Controller Interface driver
[    0.895822] i8042: PNP: PS/2 Controller [PNP0303:PS2K,PNP0f03:PS2M] at 0x60,0x64 irq 1,12
[    0.899273] serio: i8042 KBD port at 0x60,0x64 irq 1
[    0.900754] serio: i8042 AUX port at 0x60,0x64 irq 12
[    0.903252] mousedev: PS/2 mouse device common for all mice
[    0.905162] input: AT Translated Set 2 keyboard as /devices/platform/i8042/serio0/input/input2
[    0.907882] rtc_cmos rtc_cmos: rtc core: registered rtc_cmos as rtc0
[    0.910070] rtc_cmos rtc_cmos: alarms up to one day, 114 bytes nvram
[    0.911952] i2c /dev entries driver
[    0.912994] device-mapper: uevent: version 1.0.3
[    0.914240] device-mapper: ioctl: 4.37.0-ioctl (2017-09-20) initialised: dm-devel@redhat.com
[    0.916443] ledtrig-cpu: registered to indicate activity on CPUs
[    0.920317] NET: Registered protocol family 10
[    0.928526] Segment Routing with IPv6
[    0.929700] NET: Registered protocol family 17
[    0.931040] Key type dns_resolver registered
[    0.932572] mce: Using 0 MCE banks
[    0.934071] RAS: Correctable Errors collector initialized.
[    0.935804] sched_clock: Marking stable (932475779, 0)->(1180953297, -248477518)
[    0.938722] registered taskstats version 1
[    0.939811] Loading compiled-in X.509 certificates
[    0.944734] Loaded X.509 cert 'Build time autogenerated kernel key: 665cd2b89e03521f57c41865f552ebce30a0c7fb'
[    0.947584] zswap: loaded using pool lzo/zbud
[    0.954950] Key type big_key registered
[    0.956139] Key type trusted registered
[    0.960072] Key type encrypted registered
[    0.961253] AppArmor: AppArmor sha1 policy hashing enabled
[    0.962715] ima: No TPM chip found, activating TPM-bypass! (rc=-19)
[    0.964611] ima: Allocated hash algorithm: sha1
[    0.966808] evm: HMAC attrs: 0x1
[    0.968234]   Magic number: 8:751:648
[    0.969459] acpi LNXCPU:01: hash matches
[    0.970741] rtc_cmos rtc_cmos: setting system clock to 2020-02-29 19:38:20 UTC (1583005100)
[    0.973002] BIOS EDD facility v0.16 2004-Jun-25, 0 devices found
[    0.974514] EDD information not available.
[    1.179570] Freeing unused kernel image memory: 2428K
[    1.192754] Write protecting the kernel read-only data: 20480k
[    1.196216] Freeing unused kernel image memory: 2008K
[    1.198691] Freeing unused kernel image memory: 1884K
[    1.209403] x86/mm: Checked W+X mappings: passed, no W+X pages found.
[    1.211178] x86/mm: Checking user space page tables
[    1.219094] x86/mm: Checked W+X mappings: passed, no W+X pages found.
Loading, please wait...
starting version 237
[    1.303298] e1000: Intel(R) PRO/1000 Network Driver - version 7.3.21-k8-NAPI
[    1.305280] e1000: Copyright (c) 1999-2006 Intel Corporation.
[    1.311369] Fusion MPT base driver 3.04.20
[    1.312968] Copyright (c) 1999-2008 LSI Corporation
[    1.333903] AVX2 version of gcm_enc/dec engaged.
[    1.335173] AES CTR mode by8 optimization enabled
[    1.339701] Fusion MPT SPI Host driver 3.04.20
[    1.541454] input: ImExPS/2 Generic Explorer Mouse as /devices/platform/i8042/serio1/input/input4
[    1.795316] e1000 0000:00:03.0 eth0: (PCI:33MHz:32-bit) 02:b4:6b:8c:b8:1a
[    1.797233] e1000 0000:00:03.0 eth0: Intel(R) PRO/1000 Network Connection
[    1.800348] mptbase: ioc0: Initiating bringup
[    1.802256] e1000 0000:00:03.0 enp0s3: renamed from eth0
[    2.413628] ioc0: LSI53C1030 A0: Capabilities={Initiator}
[    5.164191] scsi host2: ioc0: LSI53C1030 A0, FwRev=00000000h, Ports=1, MaxQ=256, IRQ=20
[    7.038585] scsi 2:0:0:0: Direct-Access     VBOX     HARDDISK         1.0  PQ: 0 ANSI: 5
[    7.076363] scsi target2:0:0: Beginning Domain Validation
[    7.082689] scsi target2:0:0: Domain Validation skipping write tests
[    7.084444] scsi target2:0:0: Ending Domain Validation
[    7.086187] scsi target2:0:0: asynchronous
[    7.088197] scsi 2:0:1:0: Direct-Access     VBOX     HARDDISK         1.0  PQ: 0 ANSI: 5
[    7.120274] scsi target2:0:1: Beginning Domain Validation
[    7.125035] random: fast init done
[    7.126606] scsi target2:0:1: Domain Validation skipping write tests
[    7.128210] scsi target2:0:1: Ending Domain Validation
[    7.129632] scsi target2:0:1: asynchronous
[    7.135802] random: systemd-udevd: uninitialized urandom read (16 bytes read)
[    7.135887] sd 2:0:0:0: Attached scsi generic sg0 type 0
[    7.137827] random: systemd-udevd: uninitialized urandom read (16 bytes read)
[    7.139853] sd 2:0:1:0: Attached scsi generic sg1 type 0
[    7.141477] random: systemd-udevd: uninitialized urandom read (16 bytes read)
[    7.145620] sd 2:0:0:0: [sda] 20971520 512-byte logical blocks: (10.7 GB/10.0 GiB)
[    7.147747] sd 2:0:0:0: [sda] Write Protect is off
[    7.149255] sd 2:0:1:0: [sdb] 20480 512-byte logical blocks: (10.5 MB/10.0 MiB)
[    7.152108] sd 2:0:0:0: [sda] Incomplete mode parameter data
[    7.152270] sd 2:0:1:0: [sdb] Write Protect is off
[    7.154115] sd 2:0:0:0: [sda] Assuming drive cache: write through
[    7.157988] sd 2:0:1:0: [sdb] Incomplete mode parameter data
[    7.159734] sd 2:0:1:0: [sdb] Assuming drive cache: write through
[    7.164747]  sda: sda1
[    7.166753] sd 2:0:0:0: [sda] Attached SCSI disk
[    7.175486] sd 2:0:1:0: [sdb] Attached SCSI disk
Begin: Loading essential drivers ... [    8.844276] raid6: sse2x1   gen()  8866 MB/s
[    8.892058] raid6: sse2x1   xor()  5868 MB/s
[    8.940183] raid6: sse2x2   gen()  9909 MB/s
[    8.998151] raid6: sse2x2   xor()  7276 MB/s
[    9.048042] raid6: sse2x4   gen() 13582 MB/s
[    9.096728] raid6: sse2x4   xor()  7757 MB/s
[    9.145311] raid6: avx2x1   gen() 16997 MB/s
[    9.192012] raid6: avx2x1   xor() 10978 MB/s
[    9.241285] raid6: avx2x2   gen() 20003 MB/s
[    9.288778] raid6: avx2x2   xor() 11692 MB/s
[    9.336461] raid6: avx2x4   gen() 22803 MB/s
[    9.384199] raid6: avx2x4   xor() 14093 MB/s
[    9.385435] raid6: using algorithm avx2x4 gen() 22803 MB/s
[    9.387056] raid6: .... xor() 14093 MB/s, rmw enabled
[    9.388780] raid6: using avx2x2 recovery algorithm
[    9.391849] xor: automatically using best checksumming function   avx       
[    9.395589] async_tx: api initialized (async)
done.
Begin: Running /scripts/init-premount ... done.
Begin: Mounting root file system ... Begin: Running /scripts/local-top ... done.
Begin: Running /scripts/local-premount ... [    9.450837] Btrfs loaded, crc32c=crc32c-intel
Scanning for Btrfs filesystems
done.
Warning: fsck not present, so skipping root file system
[    9.554916] EXT4-fs (sda1): mounted filesystem with ordered data mode. Opts: (null)
done.
Begin: Running /scripts/local-bottom ... done.
Begin: Running /scripts/init-bottom ... done.
[   10.220826] ip_tables: (C) 2000-2006 Netfilter Core Team
[   10.268552] systemd[1]: systemd 237 running in system mode. (+PAM +AUDIT +SELINUX +IMA +APPARMOR +SMACK +SYSVINIT +UTMP +LIBCRYPTSETUP +GCRYPT +GNUTLS +ACL +XZ +LZ4 +SECCOMP +BLKID +ELFUTILS +KMOD -IDN2 +IDN -PCRE2 default-hierarchy=hybrid)
[   10.274937] systemd[1]: Detected virtualization oracle.
[   10.276408] systemd[1]: Detected architecture x86-64.

Welcome to [1mUbuntu 18.04.4 LTS[0m!

[   10.291096] systemd[1]: Set hostname to <ubuntu>.
[   10.312427] systemd[1]: Initializing machine ID from random generator.
[   10.314563] systemd[1]: Installed transient /etc/machine-id file.
[   11.537389] systemd[1]: Reached target System Time Synchronized.
[[0;32m  OK  [0m] Reached target System Time Synchronized.
[   11.541703] systemd[1]: Set up automount Arbitrary Executable File Formats File System Automount Point.
[[0;32m  OK  [0m] Set up automount Arbitrary Executab…rmats File System Automount Point.
[   11.546136] systemd[1]: Reached target Swap.
[[0;32m  OK  [0m] Reached target Swap.
[   11.548554] systemd[1]: Started Forward Password Requests to Wall Directory Watch.
[[0;32m  OK  [0m] Started Forward Password Requests to Wall Directory Watch.
[[0;32m  OK  [0m] Created slice System Slice.
[[0;32m  OK  [0m] Listening on Network Service Netlink Socket.
[[0;32m  OK  [0m] Listening on Journal Socket.
         Mounting Kernel Debug File System...
         Starting Remount Root and Kernel File Systems...
         Starting Create list of required st…ce nodes for the current kernel...
[[0;32m  OK  [0m] Created slice system-serial\x2dgetty.slice.
[[0;32m  OK  [0m] Listening on udev Kernel Socket.
[[0;32m  OK  [0m] Listening on /dev/initctl Compatibility Named Pipe.
[[0;32m  OK  [0m] Listening on udev Control Socket.
         Starting udev Coldplug all Devices...
[[0;32m  OK  [0m] Listening on Journal Socket (/dev/log).
[[0;32m  OK  [0m] Listening on Syslog Socket.
[[0;32m  OK  [0m] Listening on Journal Audit Socket.
         Starting Journal Service...
         Starting Uncomplicated firewall...
[[0;32m  OK  [0m] Listening on LVM2 poll daemon socket.
         Mounting Huge Pages File System...
[   11.632088] EXT4-fs (sda1): re-mounted. Opts: (null)
         Starting Load Kernel Modules...
[[0;32m  OK  [0m] Listening on LVM2 metadata daemon socket.
[[0;32m  OK  [0m] Listening on Device-mapper event daemon FIFOs.
         Starting Monitoring of LVM2 mirrors…ng dmeventd or progress polling...
         Mounting POSIX Message Queue File System...
[[0;32m  OK  [0m] Reached target User and Group Name Lookups.
[[0;32m  OK  [0m] Created slice User and Session Slice.
[[0;32m  OK  [0m] Reached target Slices.
         Starting Set the console keyboard layout...
[[0;32m  OK  [0m] Mounted Kernel Debug File System.
[[0;32m  OK  [0m] Started Remount Root and Kernel File Systems.
[[0;32m  OK  [0m] Started Create list of required sta…vice nodes for the current kernel.
[[0;32m  OK  [0m] Started Uncomplicated firewall.
[[0;32m  OK  [0m] Mounted Huge Pages File System.
[[0;32m  OK  [0m] Mounted POSIX Message Queue File System.
         Starting Create Static Device Nodes in /dev...
         Starting Load/Save Random Seed...
[[0;32m  OK  [0m] Started Journal Service.
         Starting Flush Journal to Persistent Storage...
[[0;32m  OK  [0m] Started udev Coldplug all Devices.
[   11.821260] Loading iSCSI transport class v2.0-870.
[[0;32m  OK  [0m] Started Load/Save Random Seed.
[   11.883552] systemd-journald[392]: Received request to flush runtime journal from PID 1
[[0;32m  OK  [0m] Started LVM2 metadata daemon.
[   11.941728] iscsi: registered transport (tcp)
[[0;32m  OK  [0m] Started Create Static Device Nodes in /dev.
         Starting udev Kernel Device Manager...
[   12.166621] iscsi: registered transport (iser)
[[0;32m  OK  [0m] Started Load Kernel Modules.
         Starting Apply Kernel Variables...
         Mounting Kernel Configuration File System...
         Mounting FUSE Control File System...
[[0;32m  OK  [0m] Mounted Kernel Configuration File System.
[[0;32m  OK  [0m] Mounted FUSE Control File System.
[[0;32m  OK  [0m] Started Monitoring of LVM2 mirrors,…sing dmeventd or progress polling.
[[0;32m  OK  [0m] Started Flush Journal to Persistent Storage.
[[0;32m  OK  [0m] Started Apply Kernel Variables.
[[0;32m  OK  [0m] Started udev Kernel Device Manager.
[[0;32m  OK  [0m] Found device /dev/ttyS0.
[[0;32m  OK  [0m] Listening on Load/Save RF Kill Switch Status /dev/rfkill Watch.
[[0;32m  OK  [0m] Started Set the console keyboard layout.
[[0;32m  OK  [0m] Reached target Local File Systems (Pre).
[[0;32m  OK  [0m] Reached target Local File Systems.
         Starting Create Volatile Files and Directories...
         Starting ebtables ruleset management...
         Starting Set console font and keymap...
         Starting Tell Plymouth To Write Out Runtime Data...
         Starting Commit a transient machine-id on disk...
         Starting AppArmor initialization...
[[0;32m  OK  [0m] Started Dispatch Password Requests to Console Directory Watch.
[[0;32m  OK  [0m] Reached target Local Encrypted Volumes.
[[0;32m  OK  [0m] Started Create Volatile Files and Directories.
         Starting Update UTMP about System Boot/Shutdown...
[[0;32m  OK  [0m] Started Tell Plymouth To Write Out Runtime Data.
[[0;32m  OK  [0m] Started Set console font and keymap.
[[0;32m  OK  [0m] Started Update UTMP about System Boot/Shutdown.
[[0;32m  OK  [0m] Started Commit a transient machine-id on disk.
[[0;32m  OK  [0m] Started ebtables ruleset management.
[[0;32m  OK  [0m] Started AppArmor initialization.
         Starting Initial cloud-init job (pre-networking)...
[   18.812988] cloud-init[669]: Cloud-init v. 19.4-33-gbb4131a2-0ubuntu1~18.04.1 running 'init-local' at Sat, 29 Feb 2020 19:38:37 +0000. Up 18.14 seconds.
[[0;32m  OK  [0m] Started Initial cloud-init job (pre-networking).
[[0;32m  OK  [0m] Reached target Network (Pre).
         Starting Network Service...
[[0;32m  OK  [0m] Started Network Service.
         Starting Wait for Network to be Configured...
         Starting Network Name Resolution...
[[0;32m  OK  [0m] Started Network Name Resolution.
[[0;32m  OK  [0m] Reached target Network.
[[0;32m  OK  [0m] Reached target Host and Network Name Lookups.
[[0;32m  OK  [0m] Started Wait for Network to be Configured.
         Starting Initial cloud-init job (metadata service crawler)...
[   21.662993] cloud-init[784]: Cloud-init v. 19.4-33-gbb4131a2-0ubuntu1~18.04.1 running 'init' at Sat, 29 Feb 2020 19:38:41 +0000. Up 21.47 seconds.
[   21.667020] cloud-init[784]: ci-info: ++++++++++++++++++++++++++++++++++++++Net device info++++++++++++++++++++++++++++++++++++++
[   21.670988] cloud-init[784]: ci-info: +--------+------+----------------------------+---------------+--------+-------------------+
[   21.676348] cloud-init[784]: ci-info: | Device |  Up  |          Address           |      Mask     | Scope  |     Hw-Address    |
[   21.681377] cloud-init[784]: ci-info: +--------+------+----------------------------+---------------+--------+-------------------+
[   21.685141] cloud-init[784]: ci-info: | enp0s3 | True |         10.0.2.15          | 255.255.255.0 | global | 02:b4:6b:8c:b8:1a |
[   21.688793] cloud-init[784]: ci-info: | enp0s3 | True | fe80::b4:6bff:fe8c:b81a/64 |       .       |  link  | 02:b4:6b:8c:b8:1a |
[   21.691695] cloud-init[784]: ci-info: |   lo   | True |         127.0.0.1          |   255.0.0.0   |  host  |         .         |
[   21.694887] cloud-init[784]: ci-info: |   lo   | True |          ::1/128           |       .       |  host  |         .         |
[   21.698336] cloud-init[784]: ci-info: +--------+------+----------------------------+---------------+--------+-------------------+
[   21.701426] cloud-init[784]: ci-info: ++++++++++++++++++++++++++++Route IPv4 info+++++++++++++++++++++++++++++
[   21.704581] cloud-init[784]: ci-info: +-------+-------------+----------+-----------------+-----------+-------+
[   21.707395] cloud-init[784]: ci-info: | Route | Destination | Gateway  |     Genmask     | Interface | Flags |
[   21.710364] cloud-init[784]: ci-info: +-------+-------------+----------+-----------------+-----------+-------+
[   21.713031] cloud-init[784]: ci-info: |   0   |   0.0.0.0   | 10.0.2.2 |     0.0.0.0     |   enp0s3  |   UG  |
[   21.716539] cloud-init[784]: ci-info: |   1   |   10.0.2.0  | 0.0.0.0  |  255.255.255.0  |   enp0s3  |   U   |
[   21.719412] cloud-init[784]: ci-info: |   2   |   10.0.2.2  | 0.0.0.0  | 255.255.255.255 |   enp0s3  |   UH  |
[   21.723793] cloud-init[784]: ci-info: +-------+-------------+----------+-----------------+-----------+-------+
[   21.726322] cloud-init[784]: ci-info: +++++++++++++++++++Route IPv6 info+++++++++++++++++++
[   21.729822] cloud-init[784]: ci-info: +-------+-------------+---------+-----------+-------+
[   21.732722] cloud-init[784]: ci-info: | Route | Destination | Gateway | Interface | Flags |
[   21.735545] cloud-init[784]: ci-info: +-------+-------------+---------+-----------+-------+
[   21.738201] cloud-init[784]: ci-info: |   1   |  fe80::/64  |    ::   |   enp0s3  |   U   |
[   21.740718] cloud-init[784]: ci-info: |   3   |    local    |    ::   |   enp0s3  |   U   |
[   21.743256] cloud-init[784]: ci-info: |   4   |   ff00::/8  |    ::   |   enp0s3  |   U   |
[   21.745923] cloud-init[784]: ci-info: +-------+-------------+---------+-----------+-------+
[   23.074215] cloud-init[784]: Generating public/private rsa key pair.
[   23.076719] cloud-init[784]: Your identification has been saved in /etc/ssh/ssh_host_rsa_key.
[   23.080004] cloud-init[784]: Your public key has been saved in /etc/ssh/ssh_host_rsa_key.pub.
[   23.082718] cloud-init[784]: The key fingerprint is:
[   23.084121] cloud-init[784]: SHA256:iJnpYKRZzVa9Ytc1JQ4aBjJmo9N45H4nFCEjTkyWHUw root@ubuntu-bionic
[   23.086994] cloud-init[784]: The key's randomart image is:
[   23.089734] cloud-init[784]: +---[RSA 2048]----+
[   23.091535] cloud-init[784]: | o==E.=+o . ...  |
[   23.093416] cloud-init[784]: | +o%oB o.o oo.   |
[   23.095481] cloud-init[784]: |  B B . .o ...   |
[   23.097453] cloud-init[784]: | = = *o.o .      |
[   23.099349] cloud-init[784]: |o o *.+oS        |
[   23.101210] cloud-init[784]: | . o . o         |
[   23.103029] cloud-init[784]: |    .            |
[   23.104964] cloud-init[784]: |                 |
[   23.106813] cloud-init[784]: |                 |
[   23.108683] cloud-init[784]: +----[SHA256]-----+
[   23.110296] cloud-init[784]: Generating public/private dsa key pair.
[   23.112492] cloud-init[784]: Your identification has been saved in /etc/ssh/ssh_host_dsa_key.
[   23.115354] cloud-init[784]: Your public key has been saved in /etc/ssh/ssh_host_dsa_key.pub.
[   23.117450] cloud-init[784]: The key fingerprint is:
[   23.118954] cloud-init[784]: SHA256:5Z+dF9aYFvo67IOqII+fe4ImYXzYIfiu7Wfah0ySYMw root@ubuntu-bionic
[   23.121845] cloud-init[784]: The key's randomart image is:
[   23.123240] cloud-init[784]: +---[DSA 1024]----+
[   23.124689] cloud-init[784]: |                 |
[   23.126103] cloud-init[784]: |                 |
[   23.127528] cloud-init[784]: |+         .   .  |
[   23.129801] cloud-init[784]: |oE .     o   . +.|
[   23.131592] cloud-init[784]: |oo+..   S . . +o.|
[   23.133592] cloud-init[784]: |.++o.      . =...|
[   23.134879] cloud-init[784]: |.oo=..     oo + .|
[   23.136363] cloud-init[784]: |..+=*oo   . +. . |
[   23.137923] cloud-init[784]: |.===*=.... .oo   |
[   23.139457] cloud-init[784]: +----[SHA256]-----+
[   23.140979] cloud-init[784]: Generating public/private ecdsa key pair.
[[0;32m  OK  [0m] Started Initial cloud-init job (metadata service crawler).
[   23.154023] [[0;32m  OK  [0m] Reached target System Initialization.
[[0;32m  OK  [0m] Listening on Open-iSCSI iscsid Socket.
cloud-init[784]: Your identification has been saved in /etc/ssh/ssh_host_ecdsa_key.
         Starting Socket activation for snappy daemon.
[[0;32m  OK  [0m] Listening on UUID daemon activation socket.
[   23.160695] cloud-init[784]: Your public key has been saved in /etc/ssh/ssh_host_ecdsa_key.pub.
[   23.164930] cloud-init[784]: The key fingerprint is:
[   23.166951] cloud-init[784]: SHA256:BQjHt0K3JBvu6940+uJ2QzqvIqGQygidWte01MDGBdQ root@ubuntu-bionic
[[0;32m  OK  [0m] Started ACPI Events Check.
[[0;32m  OK  [0m] Reached target Paths.
[   23.171337] cloud-init[[0;32m  OK  [0m] Started Discard unused blocks once a week.
[[0;32m  OK  [0m] Started Message of the Day.
[784]: The key's randomart image is:
[   23.176660] cloud-init[784]: +---[ECDSA 256]---+
[   23.177797] cloud-init[784]: |    .*+=o        |
[   23.178965] cloud-init[784]: |     .@ E.       |
[   23.180853] cloud-init[784]: |     + X o.      |
         Starting LXD - unix socket.
[   23.183650] cloud-init[784]: |      * +.       |
[   23.184780] cloud-init[784]: | o . = oS        |
[[0;32m  OK  [0m] Listening on ACPID Listen Socket.
[[0;32m  OK  [0m] Listening on D-Bus System Message Bus Socket.
[[0;32m  OK  [0m] Started Daily apt download activities.
[[0;32m  OK  [0m] Started Daily apt upgrade and clean activities.
[[0;32m  OK  [0m] Started Daily Cleanup of Temporary Directories.
[[0;32m  OK  [0m] Reached target Timers.
[[0;32m  OK  [0m] Reached target Cloud-config availability.
[[0;32m  OK  [0m] Reached target Network is Online.
[   23.194741] cloud-init[784]: |+ = . + .        |
[   23.212248] cloud-init[784]:          Starting Availability of block devices...
[[0;32m  OK  [0m] Reached target Remote File Systems (Pre).
[[0;32m  OK  [0m] Reached target Remote File Systems.
[[0;32m  OK  [0m] Listening on Socket activation for snappy daemon.
[[0;32m  OK  [0m] Listening on LXD - unix socket.
[[0;32m  OK  [0m] Reached target Sockets.
[[0;32m  OK  [0m] Reached target Basic System.
|*+ o   +o        |
[   23.222902] cloud-init[784]: |=.. . *+o.       |
[   23.224648] cloud-init[784]: |   . **B+.       |
[   23.228369] cloud-init[[0;32m  OK  [0m] Started irqbalance daemon.
[784]: +----[SHA256]-----+[[0;32m  OK  [0m] Started D-Bus System Message Bus.

[   23.238655] cloud-init[784]: Generating public/private ed25519 key pair.
[   23.243220] cloud-init[784]: Your identification has been saved in /etc/ssh/ssh_host_ed25519_key.
[   23.246032] cloud-init[784]: Your public key has been saved in /etc/ssh/ssh_host_ed25519_key.pub.
[   23.251830] cloud-init[784]: The key fingerprint is:
[   23.254393] cloud-init[784]: SHA256:r+6PeAwzwjKngKivOfL4ly9zdvyWeM500qPPMG3ukhg root@ubuntu-bionic
[   23.258495] cloud-init[784]: The key's randomart image is:
[   23.261934] cloud-init[784]: +--[ED25519 256]--+
[   23.264291] cloud-init[784]: |                 |
[   23.266162] cloud-init[784]: |                 |
[   23.268845] cloud-init[784]: |                 |
[   23.270649] cloud-init[784]: |                 |
[   23.272880] cloud-init[784]: |o  .    S        |
[   23.274639] cloud-init[784]: |+ o + + E. o     |
[   23.279201] cloud-init[784]: |.. = o * +*o*    |
[   23.281663] cloud-init[784]: |+o. = o.B=*X .   |
[   23.283731] cloud-init[784]: |=*+. *o==**+=    |
[   23.285750] cloud-init[784]: +----[SHA256]-----+
         Starting Pollinate to seed the pseudo random number generator...
         Starting Accounts Service...
[[0;32m  OK  [0m] Started FUSE filesystem for LXC.
         Starting LSB: automatic crash report generation...
         Starting Login Service...
         Starting LSB: Record successful boot for GRUB...
         Starting Snappy daemon...
         Starting LXD - container startup/shutdown...
         Starting System Logging Service...
         Starting Permit User Sessions...
         Starting Dispatcher daemon for systemd-networkd...
[[0;32m  OK  [0m] Started Regular background program processing daemon.
         Starting Virtualbox guest utils...
[[0;32m  OK  [0m] Started Deferred execution scheduler.
[[0;32m  OK  [0m] Started Availability of block devices.
[[0;32m  OK  [0m] Started Permit User Sessions.
[[0;32m  OK  [0m] Started Login Service.
[[0;32m  OK  [0m] Started Unattended Upgrades Shutdown.
         Starting Authorization Manager...
         Starting Terminate Plymouth Boot Screen...
         Starting Hold until boot process finishes up...
[[0;32m  OK  [0m] Started System Logging Service.
[[0;32m  OK  [0m] Started Terminate Plymouth Boot Screen.
[[0;32m  OK  [0m] Started Hold until boot process finishes up.
         Starting Set console scheme...
[[0;32m  OK  [0m] Started Serial Getty on ttyS0.
[[0;32m  OK  [0m] Started LSB: automatic crash report generation.
[[0;32m  OK  [0m] Started LSB: Record successful boot for GRUB.
[[0;32m  OK  [0m] Started Set console scheme.
[[0;32m  OK  [0m] Created slice system-getty.slice.
[[0;32m  OK  [0m] Started Getty on tty1.
[[0;32m  OK  [0m] Reached target Login Prompts.
[[0;32m  OK  [0m] Started Authorization Manager.
[[0;32m  OK  [0m] Started Accounts Service.
[[0;32m  OK  [0m] Started Virtualbox guest utils.
[[0;32m  OK  [0m] Started Dispatcher daemon for systemd-networkd.
[[0;32m  OK  [0m] Started LXD - container startup/shutdown.
[[0;32m  OK  [0m] Started Snappy daemon.
         Starting Wait until snapd is fully seeded...
[[0;32m  OK  [0m] Started Pollinate to seed the pseudo random number generator.
         Starting OpenBSD Secure Shell server...
[[0;32m  OK  [0m] Started OpenBSD Secure Shell server.

Ubuntu 18.04.4 LTS ubuntu-bionic ttyS0

ubuntu-bionic login: [   32.649988] cloud-init[1346]: Cloud-init v. 19.4-33-gbb4131a2-0ubuntu1~18.04.1 running 'modules:config' at Sat, 29 Feb 2020 19:38:51 +0000. Up 31.48 seconds.
ci-info: no authorized SSH keys fingerprints found for user ubuntu.
<14>Feb 29 19:38:53 ec2: 
<14>Feb 29 19:38:53 ec2: #############################################################
<14>Feb 29 19:38:53 ec2: -----BEGIN SSH HOST KEY FINGERPRINTS-----
<14>Feb 29 19:38:53 ec2: 1024 SHA256:5Z+dF9aYFvo67IOqII+fe4ImYXzYIfiu7Wfah0ySYMw root@ubuntu-bionic (DSA)
<14>Feb 29 19:38:53 ec2: 256 SHA256:BQjHt0K3JBvu6940+uJ2QzqvIqGQygidWte01MDGBdQ root@ubuntu-bionic (ECDSA)
<14>Feb 29 19:38:53 ec2: 256 SHA256:r+6PeAwzwjKngKivOfL4ly9zdvyWeM500qPPMG3ukhg root@ubuntu-bionic (ED25519)
<14>Feb 29 19:38:53 ec2: 2048 SHA256:iJnpYKRZzVa9Ytc1JQ4aBjJmo9N45H4nFCEjTkyWHUw root@ubuntu-bionic (RSA)
<14>Feb 29 19:38:53 ec2: -----END SSH HOST KEY FINGERPRINTS-----
<14>Feb 29 19:38:53 ec2: #############################################################
-----BEGIN SSH HOST KEY KEYS-----
ecdsa-sha2-nistp256 AAAAE2VjZHNhLXNoYTItbmlzdHAyNTYAAAAIbmlzdHAyNTYAAABBBGJeDueX4ltvTlb4d7NcG+7N5eN8MYuIe57di8C/RR366HutcOMF0Ny8lSZMVhF5oryYfmxU4gEp4eEE5m7QE/g= root@ubuntu-bionic
ssh-ed25519 AAAAC3NzaC1lZDI1NTE5AAAAIHcVhv7rcRXc4PWevXaIEOpK74jpDmz8FYE1pmdNk6sq root@ubuntu-bionic
ssh-rsa AAAAB3NzaC1yc2EAAAADAQABAAABAQCn0AvVLeIZZxKjj0wMTZ+mJvpNKdawJPO37Q4+gdj8SYBshHH87DwLCbpdQ8v0cWGwPIez296WcOHQIgmxc8RLua+LeEUajlZioWr2F4XJm14hzp1VI3woINY0hzYWyKKvzbLWY7QrC0x/VsL+5quYtuDH7ioiwv2Mpm77PFrERVIHytbtf8FB6GE5eZe43K7wxoWRfrNUflmLcNsEqmuv6w7fBSdgejeLhZQrAsVFsG+gVQMxRg7Q2gUr4NPSEDEwO2jIS6jRALg7wtu7Qu57vdnq1MPYdsrLxUwDvqEDoh8fsVFwfY6+WO4sZYc7z0La/Oot1+VJmx9ZkYEKVkRL root@ubuntu-bionic
-----END SSH HOST KEY KEYS-----
[   33.964414] cloud-init[1423]: Cloud-init v. 19.4-33-gbb4131a2-0ubuntu1~18.04.1 running 'modules:final' at Sat, 29 Feb 2020 19:38:53 +0000. Up 33.60 seconds.
[   33.964899] cloud-init[1423]: ci-info: no authorized SSH keys fingerprints found for user ubuntu.
[   33.969062] cloud-init[1423]: Cloud-init v. 19.4-33-gbb4131a2-0ubuntu1~18.04.1 finished at Sat, 29 Feb 2020 19:38:53 +0000. Datasource DataSourceNoCloud [seed=/dev/sdb][dsmode=net].  Up 33.93 seconds
